C51 COMPILER V9.59.0.0   MAIN                                                              04/03/2024 00:05:32 PAGE 1   


C51 COMPILER V9.59.0.0, COMPILATION OF MODULE MAIN
OBJECT MODULE PLACED IN .\output\main.obj
COMPILER INVOKED BY: C:\Keil_v5\C51\BIN\C51.EXE main.c OPTIMIZE(8,SPEED) BROWSE DEBUG OBJECTEXTEND PRINT(.\list\main.lst
                    -) TABS(2) OBJECT(.\output\main.obj)

line level    source

   1          #include "config.h"
   2          #include "delay.h"
   3          #include "uart1.h"
   4          #include "cmd_parse.h"
   5          #include "led.h"
   6          #include "motor.h"
   7          #include "sche_timer.h"
   8          
   9          /*************  本地常量声明  **************/
  10          
  11          
  12          /*************  本地变量声明  **************/
  13          
  14          
  15          /*************  本地函数声明  **************/
  16          // 后台程序，中断服务程序，非阻塞，准时调用,不可处理阻塞类操作（比如printf）
  17          void func_10ms_trigger(void){
  18   1      }
  19          
  20          void func_500ms_trigger(void){
  21   1      }
  22          
  23          // 前台程序，主程序，轮询，执行时间不确定，可处理阻塞类操作
  24          void main_task(void){
  25   1        u8 cmd_latest[8] = {0};
  26   1      
  27   1        while(1){
  28   2          if (0 == uart_get_lasted_cmd(cmd_latest, CMD_FRAME_LEN)){
  29   3            P55 = !P55;
  30   3          }
  31   2          motor_control(cmd_latest[CMD_FRAME_FORWD], cmd_latest[CMD_FRAME_BACK], \
  32   2                        cmd_latest[CMD_FRAME_LEFT], cmd_latest[CMD_FRAME_RIGHT]);
  33   2        }
  34   1      }
  35          
  36          /*************  外部函数和变量声明 *****************/
  37          
  38          
  39          
  40          /******************** 主函数 **************************/
  41          void main(void){
  42   1        // 初始化
  43   1        led_init();
  44   1        uart1_init(9600, uart_recv_parse_by_char);
  45   1        motor_init();
  46   1        sche_timer_init(1);
  47   1      
  48   1        // 加载执行函数
  49   1        func_10ms_trigger_ptr = func_10ms_trigger;
  50   1        func_500ms_trigger_ptr = func_500ms_trigger;
  51   1      
  52   1        // 启动前后台任务处理
  53   1        sche_timer_start();
  54   1        main_task();
C51 COMPILER V9.59.0.0   MAIN                                                              04/03/2024 00:05:32 PAGE 2   

  55   1        
  56   1        while(1);
  57   1      }


MODULE INFORMATION:   STATIC OVERLAYABLE
   CODE SIZE        =    105    ----
   CONSTANT SIZE    =      8    ----
   XDATA SIZE       =   ----    ----
   PDATA SIZE       =   ----    ----
   DATA SIZE        =   ----       8
   IDATA SIZE       =   ----    ----
   BIT SIZE         =   ----    ----
END OF MODULE INFORMATION.


C51 COMPILATION COMPLETE.  0 WARNING(S),  0 ERROR(S)
