C51 COMPILER V9.59.0.0   PWM                                                               04/02/2024 22:51:28 PAGE 1   


C51 COMPILER V9.59.0.0, COMPILATION OF MODULE PWM
OBJECT MODULE PLACED IN .\output\pwm.obj
COMPILER INVOKED BY: C:\Keil_v5\C51\BIN\C51.EXE pwm.c OPTIMIZE(8,SPEED) BROWSE DEBUG OBJECTEXTEND PRINT(.\list\pwm.lst) 
                    -TABS(2) OBJECT(.\output\pwm.obj)

line level    source

   1          #include "pwm.h"
   2          
   3          // STC8单片机上的每个引脚都可以输出PWM波形
   4          
   5          // 编码参考：https://blog.csdn.net/chuncongrun3534/article/details/113931300
   6          // https://www.stcmicro.com/datasheet/stc8g1k08.pdf  17.2.4.4 10 位PWM模式
   7          /*
   8          可用作pwm输出
   9          P3.5 P3.6 P3.7 P1.0 P1.1
  10          */
  11          #define PWM_CHAN  0x3u
  12          
  13          void pwm_init(void)
  14          {
  15   1        CL = 0x00;   // PCA 计数器寄存器， 一次PCA ticks加一次
  16   1        CH = 0x00;
  17   1        // PCA 模式寄存器：空闲模式下 PCA 停止计数，PCA输入时钟源为系统时钟/12（频率不可变），禁止PCA计数器溢出中
             -断
  18   1        // 注意：如需要改变频率，需要选择定时器作为时钟源输入。
  19   1        CMOD = 0x80; 
  20   1        
  21   1        // PCA 模块模式控制寄存器，PCA模块2为PWM工作模式；
  22   1        CCAPM2 = 0x42;
  23   1        CCAPM0 = 0x42;
  24   1        CCAPM1 = 0x42;  
  25   1        // PCA 模块 PWM 模式控制寄存器，PCA模块2输出10位PWM；重载值： CCAP2H; 010位比较值：CCAP2L
  26   1        // 8位PWM输出，一个周期固定为2^8ticks，频率为11.0592MHz/12/256 = 3.6KHz
  27   1        PCA_PWM2 = 0x3;   // EPC2L = 1, EPC2H = 1, 用于控制输出常低电平
  28   1        PCA_PWM0 = 0x3;
  29   1        PCA_PWM1 = 0x3;
  30   1        
  31   1        // 控制占空比，CL[7:0] < EPCnL, CCAP2L时，输出低电平;CL[7:0] >= EPCnL, CCAP2L时，输出高电平;
  32   1        // CH[1:0]+CL[7:0]溢出时（2^10个ticks），将CCAP2H重载到CCAP2L中。（CCAP2L没变过啊？）
  33   1        CCAP2H = 0xFF;  // PCA 模块模式捕获值/比较值寄存器
  34   1        CCAP2L = 0xFF;  // PCA 模块模式捕获值/比较值寄存器
  35   1        CCAP0H = 0xFF;
  36   1        CCAP0L = 0xFF;
  37   1        CCAP1H = 0xFF;
  38   1        CCAP1L = 0xFF;
  39   1        
  40   1        P_SW1 &= 0xCF;   // CCP0:P1.1   CCP1:P1.0   CCP2:P3.7
  41   1        
  42   1        // P3设置为准双向口
  43   1        P3M0 = 0x00;
  44   1        P3M1 = 0x00;
  45   1        P1M0 = 0x00;
  46   1        P1M1 = 0x00;
  47   1        
  48   1        CR = 1; // 启动PCA计时器
  49   1      }
  50          
  51          // 精度：1/256 = 0.39%
  52          void pwm_write(u8 ch, u8 duty)
  53          {
C51 COMPILER V9.59.0.0   PWM                                                               04/02/2024 22:51:28 PAGE 2   

  54   1        if(ch == PWM_CH0_PIN11){
  55   2          if (duty == 0){
  56   3            PCA_PWM0 = 0x3;
  57   3          }
  58   2          else {
  59   3            PCA_PWM0 = 0x0;
  60   3            CCAP0H = 0xFF - duty;
  61   3            CCAP0L = 0xFF - duty;
  62   3          }
  63   2        }
  64   1        else if(ch == PWM_CH1_PIN10){
  65   2          if (duty == 0){
  66   3            PCA_PWM1 = 0x3;
  67   3          }
  68   2          else {
  69   3            PCA_PWM1 = 0x0;
  70   3            CCAP1H = 0xFF - duty;
  71   3            CCAP1L = 0xFF - duty;
  72   3          }
  73   2        }
  74   1        else if(ch == PWM_CH2_PIN37){
  75   2          if (duty == 0){
  76   3            PCA_PWM2 = 0x3;
  77   3          }
  78   2          else {
  79   3            PCA_PWM2 = 0x0;
  80   3            CCAP2H = 0xFF - duty;
  81   3            CCAP2L = 0xFF - duty;
  82   3          }
  83   2        }
  84   1        else
  85   1        {
  86   2          // ch error
  87   2        }
  88   1      }


MODULE INFORMATION:   STATIC OVERLAYABLE
   CODE SIZE        =    132    ----
   CONSTANT SIZE    =   ----    ----
   XDATA SIZE       =   ----    ----
   PDATA SIZE       =   ----    ----
   DATA SIZE        =   ----    ----
   IDATA SIZE       =   ----    ----
   BIT SIZE         =   ----    ----
END OF MODULE INFORMATION.


C51 COMPILATION COMPLETE.  0 WARNING(S),  0 ERROR(S)
