C51 COMPILER V9.59.0.0   UART                                                              03/30/2024 23:07:57 PAGE 1   


C51 COMPILER V9.59.0.0, COMPILATION OF MODULE UART
OBJECT MODULE PLACED IN .\output\uart.obj
COMPILER INVOKED BY: C:\Keil_v5\C51\BIN\C51.EXE uart.c OPTIMIZE(8,SPEED) BROWSE DEBUG OBJECTEXTEND PRINT(.\list\uart.lst
                    -) TABS(2) OBJECT(.\output\uart.obj)

line level    source

   1          #include "uart.h"
   2          
   3          static bit uart_tx_busy;
   4          char wptr;
   5          char rptr;
   6          char buffer[16];
   7          
   8          void uart_init(u32 buard)                  
   9          {
  10   1        u16 buard_timer_reload_ticks = 0;
  11   1        uart_tx_busy = 0; 
  12   1        wptr = 0x00;
  13   1        rptr = 0x00;
  14   1        
  15   1        EA = 0;
  16   1        P_SW1 &= 0x3F;      // RXD/P3.0, TXD/P3.1
  17   1        SCON = 0x50;        // UART方式1；可变波特率8位数据方式; 允许串口接收数据
  18   1        
  19   1        buard_timer_reload_ticks = (65536 - SYSTEM_CLOCK / buard / 4);
  20   1        T2L = buard_timer_reload_ticks;
  21   1        T2H = buard_timer_reload_ticks >> 8;
  22   1        
  23   1        AUXR |= 0x15;    // 定时器2开始计数，不分频，作为波特率发射器
  24   1        ES   = 1;     //打开串行口中断
  25   1        EA   = 1;     //打开全局中断控制
  26   1      }
  27          
  28          void uart_printf(unsigned char *p)        //发送字符串
  29          { 
  30   1        while (*p)
  31   1        {
  32   2          uart_print_ascii(*p++);
  33   2        }  
  34   1      }
  35          
  36          void uart_print_ascii(unsigned char dat)        //发送一个字符
  37          { 
  38   1        while (uart_tx_busy);
  39   1        uart_tx_busy = 1;
  40   1        SBUF = dat;
  41   1      }
  42          
  43          
  44          //重写putchar函数
  45          char putchar(char c)
  46          {
  47   1          uart_print_ascii(c);
  48   1          return c;
  49   1      }
  50          
  51          void uart_isr() interrupt 4
  52          {
  53   1        if (TI)
  54   1        {
C51 COMPILER V9.59.0.0   UART                                                              03/30/2024 23:07:57 PAGE 2   

  55   2          TI = 0;
  56   2          uart_tx_busy = 0;
  57   2        }
  58   1        if (RI)
  59   1        {
  60   2          RI = 0;
  61   2          buffer[wptr++] = SBUF;
  62   2          wptr &= 0x0f;
  63   2        }
  64   1      }
  65          
  66          
  67          
  68          
  69          
  70          
  71          
  72          
  73          
  74          
  75          
  76          
  77          
  78          
  79          
  80          
  81          
  82          
  83          
  84          
  85          
  86          
  87          


MODULE INFORMATION:   STATIC OVERLAYABLE
   CODE SIZE        =    162    ----
   CONSTANT SIZE    =   ----    ----
   XDATA SIZE       =   ----    ----
   PDATA SIZE       =   ----    ----
   DATA SIZE        =     18       7
   IDATA SIZE       =   ----    ----
   BIT SIZE         =      1    ----
END OF MODULE INFORMATION.


C51 COMPILATION COMPLETE.  0 WARNING(S),  0 ERROR(S)
